<?xml version="1.0" encoding="UTF-8"?>
<!-- Generated by org.testng.reporters.JUnitReportReporter -->
<testsuite hostname="INchandrad-2.local" name="learn.Parllel" tests="2" failures="0" timestamp="26 Jan 2017 02:30:46 GMT" time="22.358" errors="0">
  <testcase name="testOne" time="8.588" classname="learn.Parllel"/>
  <testcase name="testTwo" time="13.770" classname="learn.Parllel"/>
</testsuite> <!-- learn.Parllel -->
