<?xml version="1.0" encoding="UTF-8"?>
<!-- Generated by org.testng.reporters.JUnitReportReporter -->
<testsuite hostname="INchandrad-2.local" name="learn.Sequence" tests="1" failures="0" timestamp="26 Jan 2017 02:34:26 GMT" time="5.873" errors="0">
  <testcase name="sequnceOne" time="5.873" classname="learn.Sequence"/>
</testsuite> <!-- learn.Sequence -->
